$ umask 022 && mkdir -p "/mnt/disks/build-disk/src/android/rust-toolchain/out/package/lib/rustlib"
$ echo "3" > "/mnt/disks/build-disk/src/android/rust-toolchain/out/package/lib/rustlib/rust-installer-version"
install: creating uninstall script at /mnt/disks/build-disk/src/android/rust-toolchain/out/package/lib/rustlib/uninstall.sh
$ cp /mnt/disks/build-disk/src/android/rust-toolchain/out/rustc/build/tmp/tarball/rustc/x86_64-unknown-linux-musl/rustc-1.74.1-dev-x86_64-unknown-linux-musl/install.sh /mnt/disks/build-disk/src/android/rust-toolchain/out/package/lib/rustlib/uninstall.sh
install: installing component 'rustc'
$ echo "rustc" >> "/mnt/disks/build-disk/src/android/rust-toolchain/out/package/lib/rustlib/components"
$ umask 022 && mkdir -p "/mnt/disks/build-disk/src/android/rust-toolchain/out/package/bin"
install: copying file /mnt/disks/build-disk/src/android/rust-toolchain/out/package/bin/rust-gdb
$ cp /mnt/disks/build-disk/src/android/rust-toolchain/out/rustc/build/tmp/tarball/rustc/x86_64-unknown-linux-musl/rustc-1.74.1-dev-x86_64-unknown-linux-musl/rustc/bin/rust-gdb /mnt/disks/build-disk/src/android/rust-toolchain/out/package/bin/rust-gdb
$ chmod 755 /mnt/disks/build-disk/src/android/rust-toolchain/out/package/bin/rust-gdb
$ echo "file:/mnt/disks/build-disk/src/android/rust-toolchain/out/package/bin/rust-gdb" >> "/mnt/disks/build-disk/src/android/rust-toolchain/out/package/lib/rustlib/manifest-rustc"
$ umask 022 && mkdir -p "/mnt/disks/build-disk/src/android/rust-toolchain/out/package/bin"
install: copying file /mnt/disks/build-disk/src/android/rust-toolchain/out/package/bin/rust-gdbgui
$ cp /mnt/disks/build-disk/src/android/rust-toolchain/out/rustc/build/tmp/tarball/rustc/x86_64-unknown-linux-musl/rustc-1.74.1-dev-x86_64-unknown-linux-musl/rustc/bin/rust-gdbgui /mnt/disks/build-disk/src/android/rust-toolchain/out/package/bin/rust-gdbgui
$ chmod 755 /mnt/disks/build-disk/src/android/rust-toolchain/out/package/bin/rust-gdbgui
$ echo "file:/mnt/disks/build-disk/src/android/rust-toolchain/out/package/bin/rust-gdbgui" >> "/mnt/disks/build-disk/src/android/rust-toolchain/out/package/lib/rustlib/manifest-rustc"
$ umask 022 && mkdir -p "/mnt/disks/build-disk/src/android/rust-toolchain/out/package/bin"
install: copying file /mnt/disks/build-disk/src/android/rust-toolchain/out/package/bin/rust-lldb
$ cp /mnt/disks/build-disk/src/android/rust-toolchain/out/rustc/build/tmp/tarball/rustc/x86_64-unknown-linux-musl/rustc-1.74.1-dev-x86_64-unknown-linux-musl/rustc/bin/rust-lldb /mnt/disks/build-disk/src/android/rust-toolchain/out/package/bin/rust-lldb
$ chmod 755 /mnt/disks/build-disk/src/android/rust-toolchain/out/package/bin/rust-lldb
$ echo "file:/mnt/disks/build-disk/src/android/rust-toolchain/out/package/bin/rust-lldb" >> "/mnt/disks/build-disk/src/android/rust-toolchain/out/package/lib/rustlib/manifest-rustc"
$ umask 022 && mkdir -p "/mnt/disks/build-disk/src/android/rust-toolchain/out/package/bin"
install: copying file /mnt/disks/build-disk/src/android/rust-toolchain/out/package/bin/rustc
$ cp /mnt/disks/build-disk/src/android/rust-toolchain/out/rustc/build/tmp/tarball/rustc/x86_64-unknown-linux-musl/rustc-1.74.1-dev-x86_64-unknown-linux-musl/rustc/bin/rustc /mnt/disks/build-disk/src/android/rust-toolchain/out/package/bin/rustc
$ chmod 755 /mnt/disks/build-disk/src/android/rust-toolchain/out/package/bin/rustc
$ echo "file:/mnt/disks/build-disk/src/android/rust-toolchain/out/package/bin/rustc" >> "/mnt/disks/build-disk/src/android/rust-toolchain/out/package/lib/rustlib/manifest-rustc"
$ umask 022 && mkdir -p "/mnt/disks/build-disk/src/android/rust-toolchain/out/package/bin"
install: copying file /mnt/disks/build-disk/src/android/rust-toolchain/out/package/bin/rustdoc
$ cp /mnt/disks/build-disk/src/android/rust-toolchain/out/rustc/build/tmp/tarball/rustc/x86_64-unknown-linux-musl/rustc-1.74.1-dev-x86_64-unknown-linux-musl/rustc/bin/rustdoc /mnt/disks/build-disk/src/android/rust-toolchain/out/package/bin/rustdoc
$ chmod 755 /mnt/disks/build-disk/src/android/rust-toolchain/out/package/bin/rustdoc
$ echo "file:/mnt/disks/build-disk/src/android/rust-toolchain/out/package/bin/rustdoc" >> "/mnt/disks/build-disk/src/android/rust-toolchain/out/package/lib/rustlib/manifest-rustc"
$ umask 022 && mkdir -p "/mnt/disks/build-disk/src/android/rust-toolchain/out/package/lib"
install: copying file /mnt/disks/build-disk/src/android/rust-toolchain/out/package/lib/libLLVM-17.so
$ cp /mnt/disks/build-disk/src/android/rust-toolchain/out/rustc/build/tmp/tarball/rustc/x86_64-unknown-linux-musl/rustc-1.74.1-dev-x86_64-unknown-linux-musl/rustc/lib/libLLVM-17.so /mnt/disks/build-disk/src/android/rust-toolchain/out/package/lib/libLLVM-17.so
$ chmod 644 /mnt/disks/build-disk/src/android/rust-toolchain/out/package/lib/libLLVM-17.so
$ echo "file:/mnt/disks/build-disk/src/android/rust-toolchain/out/package/lib/libLLVM-17.so" >> "/mnt/disks/build-disk/src/android/rust-toolchain/out/package/lib/rustlib/manifest-rustc"
$ umask 022 && mkdir -p "/mnt/disks/build-disk/src/android/rust-toolchain/out/package/lib"
install: copying file /mnt/disks/build-disk/src/android/rust-toolchain/out/package/lib/libcstr-6f375e8fe7855e8e.so
$ cp /mnt/disks/build-disk/src/android/rust-toolchain/out/rustc/build/tmp/tarball/rustc/x86_64-unknown-linux-musl/rustc-1.74.1-dev-x86_64-unknown-linux-musl/rustc/lib/libcstr-6f375e8fe7855e8e.so /mnt/disks/build-disk/src/android/rust-toolchain/out/package/lib/libcstr-6f375e8fe7855e8e.so
$ chmod 644 /mnt/disks/build-disk/src/android/rust-toolchain/out/package/lib/libcstr-6f375e8fe7855e8e.so
$ echo "file:/mnt/disks/build-disk/src/android/rust-toolchain/out/package/lib/libcstr-6f375e8fe7855e8e.so" >> "/mnt/disks/build-disk/src/android/rust-toolchain/out/package/lib/rustlib/manifest-rustc"
$ umask 022 && mkdir -p "/mnt/disks/build-disk/src/android/rust-toolchain/out/package/lib"
install: copying file /mnt/disks/build-disk/src/android/rust-toolchain/out/package/lib/libdarling_macro-4ceefe91f86071e2.so
$ cp /mnt/disks/build-disk/src/android/rust-toolchain/out/rustc/build/tmp/tarball/rustc/x86_64-unknown-linux-musl/rustc-1.74.1-dev-x86_64-unknown-linux-musl/rustc/lib/libdarling_macro-4ceefe91f86071e2.so /mnt/disks/build-disk/src/android/rust-toolchain/out/package/lib/libdarling_macro-4ceefe91f86071e2.so
$ chmod 644 /mnt/disks/build-disk/src/android/rust-toolchain/out/package/lib/libdarling_macro-4ceefe91f86071e2.so
$ echo "file:/mnt/disks/build-disk/src/android/rust-toolchain/out/package/lib/libdarling_macro-4ceefe91f86071e2.so" >> "/mnt/disks/build-disk/src/android/rust-toolchain/out/package/lib/rustlib/manifest-rustc"
$ umask 022 && mkdir -p "/mnt/disks/build-disk/src/android/rust-toolchain/out/package/lib"
install: copying file /mnt/disks/build-disk/src/android/rust-toolchain/out/package/lib/libderive_more-4e82247a21c8d3cb.so
$ cp /mnt/disks/build-disk/src/android/rust-toolchain/out/rustc/build/tmp/tarball/rustc/x86_64-unknown-linux-musl/rustc-1.74.1-dev-x86_64-unknown-linux-musl/rustc/lib/libderive_more-4e82247a21c8d3cb.so /mnt/disks/build-disk/src/android/rust-toolchain/out/package/lib/libderive_more-4e82247a21c8d3cb.so
$ chmod 644 /mnt/disks/build-disk/src/android/rust-toolchain/out/package/lib/libderive_more-4e82247a21c8d3cb.so
$ echo "file:/mnt/disks/build-disk/src/android/rust-toolchain/out/package/lib/libderive_more-4e82247a21c8d3cb.so" >> "/mnt/disks/build-disk/src/android/rust-toolchain/out/package/lib/rustlib/manifest-rustc"
$ umask 022 && mkdir -p "/mnt/disks/build-disk/src/android/rust-toolchain/out/package/lib"
install: copying file /mnt/disks/build-disk/src/android/rust-toolchain/out/package/lib/libderive_setters-12f63b85d1f9108c.so
$ cp /mnt/disks/build-disk/src/android/rust-toolchain/out/rustc/build/tmp/tarball/rustc/x86_64-unknown-linux-musl/rustc-1.74.1-dev-x86_64-unknown-linux-musl/rustc/lib/libderive_setters-12f63b85d1f9108c.so /mnt/disks/build-disk/src/android/rust-toolchain/out/package/lib/libderive_setters-12f63b85d1f9108c.so
$ chmod 644 /mnt/disks/build-disk/src/android/rust-toolchain/out/package/lib/libderive_setters-12f63b85d1f9108c.so
$ echo "file:/mnt/disks/build-disk/src/android/rust-toolchain/out/package/lib/libderive_setters-12f63b85d1f9108c.so" >> "/mnt/disks/build-disk/src/android/rust-toolchain/out/package/lib/rustlib/manifest-rustc"
$ umask 022 && mkdir -p "/mnt/disks/build-disk/src/android/rust-toolchain/out/package/lib"
install: copying file /mnt/disks/build-disk/src/android/rust-toolchain/out/package/lib/libdisplaydoc-6c591b57636bbc61.so
$ cp /mnt/disks/build-disk/src/android/rust-toolchain/out/rustc/build/tmp/tarball/rustc/x86_64-unknown-linux-musl/rustc-1.74.1-dev-x86_64-unknown-linux-musl/rustc/lib/libdisplaydoc-6c591b57636bbc61.so /mnt/disks/build-disk/src/android/rust-toolchain/out/package/lib/libdisplaydoc-6c591b57636bbc61.so
$ chmod 644 /mnt/disks/build-disk/src/android/rust-toolchain/out/package/lib/libdisplaydoc-6c591b57636bbc61.so
$ echo "file:/mnt/disks/build-disk/src/android/rust-toolchain/out/package/lib/libdisplaydoc-6c591b57636bbc61.so" >> "/mnt/disks/build-disk/src/android/rust-toolchain/out/package/lib/rustlib/manifest-rustc"
$ umask 022 && mkdir -p "/mnt/disks/build-disk/src/android/rust-toolchain/out/package/lib"
install: copying file /mnt/disks/build-disk/src/android/rust-toolchain/out/package/lib/libicu_provider_macros-6f51628adced2161.so
$ cp /mnt/disks/build-disk/src/android/rust-toolchain/out/rustc/build/tmp/tarball/rustc/x86_64-unknown-linux-musl/rustc-1.74.1-dev-x86_64-unknown-linux-musl/rustc/lib/libicu_provider_macros-6f51628adced2161.so /mnt/disks/build-disk/src/android/rust-toolchain/out/package/lib/libicu_provider_macros-6f51628adced2161.so
$ chmod 644 /mnt/disks/build-disk/src/android/rust-toolchain/out/package/lib/libicu_provider_macros-6f51628adced2161.so
$ echo "file:/mnt/disks/build-disk/src/android/rust-toolchain/out/package/lib/libicu_provider_macros-6f51628adced2161.so" >> "/mnt/disks/build-disk/src/android/rust-toolchain/out/package/lib/rustlib/manifest-rustc"
$ umask 022 && mkdir -p "/mnt/disks/build-disk/src/android/rust-toolchain/out/package/lib"
install: copying file /mnt/disks/build-disk/src/android/rust-toolchain/out/package/lib/libproc_macro_hack-d5f56192d019ce1e.so
$ cp /mnt/disks/build-disk/src/android/rust-toolchain/out/rustc/build/tmp/tarball/rustc/x86_64-unknown-linux-musl/rustc-1.74.1-dev-x86_64-unknown-linux-musl/rustc/lib/libproc_macro_hack-d5f56192d019ce1e.so /mnt/disks/build-disk/src/android/rust-toolchain/out/package/lib/libproc_macro_hack-d5f56192d019ce1e.so
$ chmod 644 /mnt/disks/build-disk/src/android/rust-toolchain/out/package/lib/libproc_macro_hack-d5f56192d019ce1e.so
$ echo "file:/mnt/disks/build-disk/src/android/rust-toolchain/out/package/lib/libproc_macro_hack-d5f56192d019ce1e.so" >> "/mnt/disks/build-disk/src/android/rust-toolchain/out/package/lib/rustlib/manifest-rustc"
$ umask 022 && mkdir -p "/mnt/disks/build-disk/src/android/rust-toolchain/out/package/lib"
install: copying file /mnt/disks/build-disk/src/android/rust-toolchain/out/package/lib/librustc_driver-3c85c47958003595.so
$ cp /mnt/disks/build-disk/src/android/rust-toolchain/out/rustc/build/tmp/tarball/rustc/x86_64-unknown-linux-musl/rustc-1.74.1-dev-x86_64-unknown-linux-musl/rustc/lib/librustc_driver-3c85c47958003595.so /mnt/disks/build-disk/src/android/rust-toolchain/out/package/lib/librustc_driver-3c85c47958003595.so
$ chmod 644 /mnt/disks/build-disk/src/android/rust-toolchain/out/package/lib/librustc_driver-3c85c47958003595.so
$ echo "file:/mnt/disks/build-disk/src/android/rust-toolchain/out/package/lib/librustc_driver-3c85c47958003595.so" >> "/mnt/disks/build-disk/src/android/rust-toolchain/out/package/lib/rustlib/manifest-rustc"
$ umask 022 && mkdir -p "/mnt/disks/build-disk/src/android/rust-toolchain/out/package/lib"
install: copying file /mnt/disks/build-disk/src/android/rust-toolchain/out/package/lib/librustc_fluent_macro-3b08ebc66cdce26d.so
$ cp /mnt/disks/build-disk/src/android/rust-toolchain/out/rustc/build/tmp/tarball/rustc/x86_64-unknown-linux-musl/rustc-1.74.1-dev-x86_64-unknown-linux-musl/rustc/lib/librustc_fluent_macro-3b08ebc66cdce26d.so /mnt/disks/build-disk/src/android/rust-toolchain/out/package/lib/librustc_fluent_macro-3b08ebc66cdce26d.so
$ chmod 644 /mnt/disks/build-disk/src/android/rust-toolchain/out/package/lib/librustc_fluent_macro-3b08ebc66cdce26d.so
$ echo "file:/mnt/disks/build-disk/src/android/rust-toolchain/out/package/lib/librustc_fluent_macro-3b08ebc66cdce26d.so" >> "/mnt/disks/build-disk/src/android/rust-toolchain/out/package/lib/rustlib/manifest-rustc"
$ umask 022 && mkdir -p "/mnt/disks/build-disk/src/android/rust-toolchain/out/package/lib"
install: copying file /mnt/disks/build-disk/src/android/rust-toolchain/out/package/lib/librustc_macros-de4936830a4270dd.so
$ cp /mnt/disks/build-disk/src/android/rust-toolchain/out/rustc/build/tmp/tarball/rustc/x86_64-unknown-linux-musl/rustc-1.74.1-dev-x86_64-unknown-linux-musl/rustc/lib/librustc_macros-de4936830a4270dd.so /mnt/disks/build-disk/src/android/rust-toolchain/out/package/lib/librustc_macros-de4936830a4270dd.so
$ chmod 644 /mnt/disks/build-disk/src/android/rust-toolchain/out/package/lib/librustc_macros-de4936830a4270dd.so
$ echo "file:/mnt/disks/build-disk/src/android/rust-toolchain/out/package/lib/librustc_macros-de4936830a4270dd.so" >> "/mnt/disks/build-disk/src/android/rust-toolchain/out/package/lib/rustlib/manifest-rustc"
$ umask 022 && mkdir -p "/mnt/disks/build-disk/src/android/rust-toolchain/out/package/lib"
install: copying file /mnt/disks/build-disk/src/android/rust-toolchain/out/package/lib/libserde_derive-0ab2fb81bcef1595.so
$ cp /mnt/disks/build-disk/src/android/rust-toolchain/out/rustc/build/tmp/tarball/rustc/x86_64-unknown-linux-musl/rustc-1.74.1-dev-x86_64-unknown-linux-musl/rustc/lib/libserde_derive-0ab2fb81bcef1595.so /mnt/disks/build-disk/src/android/rust-toolchain/out/package/lib/libserde_derive-0ab2fb81bcef1595.so
$ chmod 644 /mnt/disks/build-disk/src/android/rust-toolchain/out/package/lib/libserde_derive-0ab2fb81bcef1595.so
$ echo "file:/mnt/disks/build-disk/src/android/rust-toolchain/out/package/lib/libserde_derive-0ab2fb81bcef1595.so" >> "/mnt/disks/build-disk/src/android/rust-toolchain/out/package/lib/rustlib/manifest-rustc"
$ umask 022 && mkdir -p "/mnt/disks/build-disk/src/android/rust-toolchain/out/package/lib"
install: copying file /mnt/disks/build-disk/src/android/rust-toolchain/out/package/lib/libstd-5d5bebd50efffdae.so
$ cp /mnt/disks/build-disk/src/android/rust-toolchain/out/rustc/build/tmp/tarball/rustc/x86_64-unknown-linux-musl/rustc-1.74.1-dev-x86_64-unknown-linux-musl/rustc/lib/libstd-5d5bebd50efffdae.so /mnt/disks/build-disk/src/android/rust-toolchain/out/package/lib/libstd-5d5bebd50efffdae.so
$ chmod 644 /mnt/disks/build-disk/src/android/rust-toolchain/out/package/lib/libstd-5d5bebd50efffdae.so
$ echo "file:/mnt/disks/build-disk/src/android/rust-toolchain/out/package/lib/libstd-5d5bebd50efffdae.so" >> "/mnt/disks/build-disk/src/android/rust-toolchain/out/package/lib/rustlib/manifest-rustc"
$ umask 022 && mkdir -p "/mnt/disks/build-disk/src/android/rust-toolchain/out/package/lib"
install: copying file /mnt/disks/build-disk/src/android/rust-toolchain/out/package/lib/libtest-103bab3507880304.so
$ cp /mnt/disks/build-disk/src/android/rust-toolchain/out/rustc/build/tmp/tarball/rustc/x86_64-unknown-linux-musl/rustc-1.74.1-dev-x86_64-unknown-linux-musl/rustc/lib/libtest-103bab3507880304.so /mnt/disks/build-disk/src/android/rust-toolchain/out/package/lib/libtest-103bab3507880304.so
$ chmod 644 /mnt/disks/build-disk/src/android/rust-toolchain/out/package/lib/libtest-103bab3507880304.so
$ echo "file:/mnt/disks/build-disk/src/android/rust-toolchain/out/package/lib/libtest-103bab3507880304.so" >> "/mnt/disks/build-disk/src/android/rust-toolchain/out/package/lib/rustlib/manifest-rustc"
$ umask 022 && mkdir -p "/mnt/disks/build-disk/src/android/rust-toolchain/out/package/lib"
install: copying file /mnt/disks/build-disk/src/android/rust-toolchain/out/package/lib/libthiserror_core_impl-d8d11b6cf18e693b.so
$ cp /mnt/disks/build-disk/src/android/rust-toolchain/out/rustc/build/tmp/tarball/rustc/x86_64-unknown-linux-musl/rustc-1.74.1-dev-x86_64-unknown-linux-musl/rustc/lib/libthiserror_core_impl-d8d11b6cf18e693b.so /mnt/disks/build-disk/src/android/rust-toolchain/out/package/lib/libthiserror_core_impl-d8d11b6cf18e693b.so
$ chmod 644 /mnt/disks/build-disk/src/android/rust-toolchain/out/package/lib/libthiserror_core_impl-d8d11b6cf18e693b.so
$ echo "file:/mnt/disks/build-disk/src/android/rust-toolchain/out/package/lib/libthiserror_core_impl-d8d11b6cf18e693b.so" >> "/mnt/disks/build-disk/src/android/rust-toolchain/out/package/lib/rustlib/manifest-rustc"
$ umask 022 && mkdir -p "/mnt/disks/build-disk/src/android/rust-toolchain/out/package/lib"
install: copying file /mnt/disks/build-disk/src/android/rust-toolchain/out/package/lib/libthiserror_impl-cc1a122a881d92f5.so
$ cp /mnt/disks/build-disk/src/android/rust-toolchain/out/rustc/build/tmp/tarball/rustc/x86_64-unknown-linux-musl/rustc-1.74.1-dev-x86_64-unknown-linux-musl/rustc/lib/libthiserror_impl-cc1a122a881d92f5.so /mnt/disks/build-disk/src/android/rust-toolchain/out/package/lib/libthiserror_impl-cc1a122a881d92f5.so
$ chmod 644 /mnt/disks/build-disk/src/android/rust-toolchain/out/package/lib/libthiserror_impl-cc1a122a881d92f5.so
$ echo "file:/mnt/disks/build-disk/src/android/rust-toolchain/out/package/lib/libthiserror_impl-cc1a122a881d92f5.so" >> "/mnt/disks/build-disk/src/android/rust-toolchain/out/package/lib/rustlib/manifest-rustc"
$ umask 022 && mkdir -p "/mnt/disks/build-disk/src/android/rust-toolchain/out/package/lib"
install: copying file /mnt/disks/build-disk/src/android/rust-toolchain/out/package/lib/libtracing_attributes-7788a9d9d5f743ab.so
$ cp /mnt/disks/build-disk/src/android/rust-toolchain/out/rustc/build/tmp/tarball/rustc/x86_64-unknown-linux-musl/rustc-1.74.1-dev-x86_64-unknown-linux-musl/rustc/lib/libtracing_attributes-7788a9d9d5f743ab.so /mnt/disks/build-disk/src/android/rust-toolchain/out/package/lib/libtracing_attributes-7788a9d9d5f743ab.so
$ chmod 644 /mnt/disks/build-disk/src/android/rust-toolchain/out/package/lib/libtracing_attributes-7788a9d9d5f743ab.so
$ echo "file:/mnt/disks/build-disk/src/android/rust-toolchain/out/package/lib/libtracing_attributes-7788a9d9d5f743ab.so" >> "/mnt/disks/build-disk/src/android/rust-toolchain/out/package/lib/rustlib/manifest-rustc"
$ umask 022 && mkdir -p "/mnt/disks/build-disk/src/android/rust-toolchain/out/package/lib"
install: copying file /mnt/disks/build-disk/src/android/rust-toolchain/out/package/lib/libunic_langid_macros_impl-92c809195f4c68ea.so
$ cp /mnt/disks/build-disk/src/android/rust-toolchain/out/rustc/build/tmp/tarball/rustc/x86_64-unknown-linux-musl/rustc-1.74.1-dev-x86_64-unknown-linux-musl/rustc/lib/libunic_langid_macros_impl-92c809195f4c68ea.so /mnt/disks/build-disk/src/android/rust-toolchain/out/package/lib/libunic_langid_macros_impl-92c809195f4c68ea.so
$ chmod 644 /mnt/disks/build-disk/src/android/rust-toolchain/out/package/lib/libunic_langid_macros_impl-92c809195f4c68ea.so
$ echo "file:/mnt/disks/build-disk/src/android/rust-toolchain/out/package/lib/libunic_langid_macros_impl-92c809195f4c68ea.so" >> "/mnt/disks/build-disk/src/android/rust-toolchain/out/package/lib/rustlib/manifest-rustc"
$ umask 022 && mkdir -p "/mnt/disks/build-disk/src/android/rust-toolchain/out/package/lib"
install: copying file /mnt/disks/build-disk/src/android/rust-toolchain/out/package/lib/libyoke_derive-287e5ca70d449715.so
$ cp /mnt/disks/build-disk/src/android/rust-toolchain/out/rustc/build/tmp/tarball/rustc/x86_64-unknown-linux-musl/rustc-1.74.1-dev-x86_64-unknown-linux-musl/rustc/lib/libyoke_derive-287e5ca70d449715.so /mnt/disks/build-disk/src/android/rust-toolchain/out/package/lib/libyoke_derive-287e5ca70d449715.so
$ chmod 644 /mnt/disks/build-disk/src/android/rust-toolchain/out/package/lib/libyoke_derive-287e5ca70d449715.so
$ echo "file:/mnt/disks/build-disk/src/android/rust-toolchain/out/package/lib/libyoke_derive-287e5ca70d449715.so" >> "/mnt/disks/build-disk/src/android/rust-toolchain/out/package/lib/rustlib/manifest-rustc"
$ umask 022 && mkdir -p "/mnt/disks/build-disk/src/android/rust-toolchain/out/package/lib"
install: copying file /mnt/disks/build-disk/src/android/rust-toolchain/out/package/lib/libzerofrom_derive-8e6d791fe97f3102.so
$ cp /mnt/disks/build-disk/src/android/rust-toolchain/out/rustc/build/tmp/tarball/rustc/x86_64-unknown-linux-musl/rustc-1.74.1-dev-x86_64-unknown-linux-musl/rustc/lib/libzerofrom_derive-8e6d791fe97f3102.so /mnt/disks/build-disk/src/android/rust-toolchain/out/package/lib/libzerofrom_derive-8e6d791fe97f3102.so
$ chmod 644 /mnt/disks/build-disk/src/android/rust-toolchain/out/package/lib/libzerofrom_derive-8e6d791fe97f3102.so
$ echo "file:/mnt/disks/build-disk/src/android/rust-toolchain/out/package/lib/libzerofrom_derive-8e6d791fe97f3102.so" >> "/mnt/disks/build-disk/src/android/rust-toolchain/out/package/lib/rustlib/manifest-rustc"
$ umask 022 && mkdir -p "/mnt/disks/build-disk/src/android/rust-toolchain/out/package/lib"
install: copying file /mnt/disks/build-disk/src/android/rust-toolchain/out/package/lib/libzerovec_derive-1c6cf97561739bb7.so
$ cp /mnt/disks/build-disk/src/android/rust-toolchain/out/rustc/build/tmp/tarball/rustc/x86_64-unknown-linux-musl/rustc-1.74.1-dev-x86_64-unknown-linux-musl/rustc/lib/libzerovec_derive-1c6cf97561739bb7.so /mnt/disks/build-disk/src/android/rust-toolchain/out/package/lib/libzerovec_derive-1c6cf97561739bb7.so
$ chmod 644 /mnt/disks/build-disk/src/android/rust-toolchain/out/package/lib/libzerovec_derive-1c6cf97561739bb7.so
$ echo "file:/mnt/disks/build-disk/src/android/rust-toolchain/out/package/lib/libzerovec_derive-1c6cf97561739bb7.so" >> "/mnt/disks/build-disk/src/android/rust-toolchain/out/package/lib/rustlib/manifest-rustc"
$ umask 022 && mkdir -p "/mnt/disks/build-disk/src/android/rust-toolchain/out/package/lib/rustlib/etc"
install: copying file /mnt/disks/build-disk/src/android/rust-toolchain/out/package/lib/rustlib/etc/gdb_load_rust_pretty_printers.py
$ cp /mnt/disks/build-disk/src/android/rust-toolchain/out/rustc/build/tmp/tarball/rustc/x86_64-unknown-linux-musl/rustc-1.74.1-dev-x86_64-unknown-linux-musl/rustc/lib/rustlib/etc/gdb_load_rust_pretty_printers.py /mnt/disks/build-disk/src/android/rust-toolchain/out/package/lib/rustlib/etc/gdb_load_rust_pretty_printers.py
$ chmod 644 /mnt/disks/build-disk/src/android/rust-toolchain/out/package/lib/rustlib/etc/gdb_load_rust_pretty_printers.py
$ echo "file:/mnt/disks/build-disk/src/android/rust-toolchain/out/package/lib/rustlib/etc/gdb_load_rust_pretty_printers.py" >> "/mnt/disks/build-disk/src/android/rust-toolchain/out/package/lib/rustlib/manifest-rustc"
$ umask 022 && mkdir -p "/mnt/disks/build-disk/src/android/rust-toolchain/out/package/lib/rustlib/etc"
install: copying file /mnt/disks/build-disk/src/android/rust-toolchain/out/package/lib/rustlib/etc/gdb_lookup.py
$ cp /mnt/disks/build-disk/src/android/rust-toolchain/out/rustc/build/tmp/tarball/rustc/x86_64-unknown-linux-musl/rustc-1.74.1-dev-x86_64-unknown-linux-musl/rustc/lib/rustlib/etc/gdb_lookup.py /mnt/disks/build-disk/src/android/rust-toolchain/out/package/lib/rustlib/etc/gdb_lookup.py
$ chmod 644 /mnt/disks/build-disk/src/android/rust-toolchain/out/package/lib/rustlib/etc/gdb_lookup.py
$ echo "file:/mnt/disks/build-disk/src/android/rust-toolchain/out/package/lib/rustlib/etc/gdb_lookup.py" >> "/mnt/disks/build-disk/src/android/rust-toolchain/out/package/lib/rustlib/manifest-rustc"
$ umask 022 && mkdir -p "/mnt/disks/build-disk/src/android/rust-toolchain/out/package/lib/rustlib/etc"
install: copying file /mnt/disks/build-disk/src/android/rust-toolchain/out/package/lib/rustlib/etc/gdb_providers.py
$ cp /mnt/disks/build-disk/src/android/rust-toolchain/out/rustc/build/tmp/tarball/rustc/x86_64-unknown-linux-musl/rustc-1.74.1-dev-x86_64-unknown-linux-musl/rustc/lib/rustlib/etc/gdb_providers.py /mnt/disks/build-disk/src/android/rust-toolchain/out/package/lib/rustlib/etc/gdb_providers.py
$ chmod 644 /mnt/disks/build-disk/src/android/rust-toolchain/out/package/lib/rustlib/etc/gdb_providers.py
$ echo "file:/mnt/disks/build-disk/src/android/rust-toolchain/out/package/lib/rustlib/etc/gdb_providers.py" >> "/mnt/disks/build-disk/src/android/rust-toolchain/out/package/lib/rustlib/manifest-rustc"
$ umask 022 && mkdir -p "/mnt/disks/build-disk/src/android/rust-toolchain/out/package/lib/rustlib/etc"
install: copying file /mnt/disks/build-disk/src/android/rust-toolchain/out/package/lib/rustlib/etc/lldb_commands
$ cp /mnt/disks/build-disk/src/android/rust-toolchain/out/rustc/build/tmp/tarball/rustc/x86_64-unknown-linux-musl/rustc-1.74.1-dev-x86_64-unknown-linux-musl/rustc/lib/rustlib/etc/lldb_commands /mnt/disks/build-disk/src/android/rust-toolchain/out/package/lib/rustlib/etc/lldb_commands
$ chmod 644 /mnt/disks/build-disk/src/android/rust-toolchain/out/package/lib/rustlib/etc/lldb_commands
$ echo "file:/mnt/disks/build-disk/src/android/rust-toolchain/out/package/lib/rustlib/etc/lldb_commands" >> "/mnt/disks/build-disk/src/android/rust-toolchain/out/package/lib/rustlib/manifest-rustc"
$ umask 022 && mkdir -p "/mnt/disks/build-disk/src/android/rust-toolchain/out/package/lib/rustlib/etc"
install: copying file /mnt/disks/build-disk/src/android/rust-toolchain/out/package/lib/rustlib/etc/lldb_lookup.py
$ cp /mnt/disks/build-disk/src/android/rust-toolchain/out/rustc/build/tmp/tarball/rustc/x86_64-unknown-linux-musl/rustc-1.74.1-dev-x86_64-unknown-linux-musl/rustc/lib/rustlib/etc/lldb_lookup.py /mnt/disks/build-disk/src/android/rust-toolchain/out/package/lib/rustlib/etc/lldb_lookup.py
$ chmod 644 /mnt/disks/build-disk/src/android/rust-toolchain/out/package/lib/rustlib/etc/lldb_lookup.py
$ echo "file:/mnt/disks/build-disk/src/android/rust-toolchain/out/package/lib/rustlib/etc/lldb_lookup.py" >> "/mnt/disks/build-disk/src/android/rust-toolchain/out/package/lib/rustlib/manifest-rustc"
$ umask 022 && mkdir -p "/mnt/disks/build-disk/src/android/rust-toolchain/out/package/lib/rustlib/etc"
install: copying file /mnt/disks/build-disk/src/android/rust-toolchain/out/package/lib/rustlib/etc/lldb_providers.py
$ cp /mnt/disks/build-disk/src/android/rust-toolchain/out/rustc/build/tmp/tarball/rustc/x86_64-unknown-linux-musl/rustc-1.74.1-dev-x86_64-unknown-linux-musl/rustc/lib/rustlib/etc/lldb_providers.py /mnt/disks/build-disk/src/android/rust-toolchain/out/package/lib/rustlib/etc/lldb_providers.py
$ chmod 644 /mnt/disks/build-disk/src/android/rust-toolchain/out/package/lib/rustlib/etc/lldb_providers.py
$ echo "file:/mnt/disks/build-disk/src/android/rust-toolchain/out/package/lib/rustlib/etc/lldb_providers.py" >> "/mnt/disks/build-disk/src/android/rust-toolchain/out/package/lib/rustlib/manifest-rustc"
$ umask 022 && mkdir -p "/mnt/disks/build-disk/src/android/rust-toolchain/out/package/lib/rustlib/etc"
install: copying file /mnt/disks/build-disk/src/android/rust-toolchain/out/package/lib/rustlib/etc/rust_types.py
$ cp /mnt/disks/build-disk/src/android/rust-toolchain/out/rustc/build/tmp/tarball/rustc/x86_64-unknown-linux-musl/rustc-1.74.1-dev-x86_64-unknown-linux-musl/rustc/lib/rustlib/etc/rust_types.py /mnt/disks/build-disk/src/android/rust-toolchain/out/package/lib/rustlib/etc/rust_types.py
$ chmod 644 /mnt/disks/build-disk/src/android/rust-toolchain/out/package/lib/rustlib/etc/rust_types.py
$ echo "file:/mnt/disks/build-disk/src/android/rust-toolchain/out/package/lib/rustlib/etc/rust_types.py" >> "/mnt/disks/build-disk/src/android/rust-toolchain/out/package/lib/rustlib/manifest-rustc"
$ umask 022 && mkdir -p "/mnt/disks/build-disk/src/android/rust-toolchain/out/package/libexec"
install: copying file /mnt/disks/build-disk/src/android/rust-toolchain/out/package/libexec/rust-analyzer-proc-macro-srv
$ cp /mnt/disks/build-disk/src/android/rust-toolchain/out/rustc/build/tmp/tarball/rustc/x86_64-unknown-linux-musl/rustc-1.74.1-dev-x86_64-unknown-linux-musl/rustc/libexec/rust-analyzer-proc-macro-srv /mnt/disks/build-disk/src/android/rust-toolchain/out/package/libexec/rust-analyzer-proc-macro-srv
$ chmod 755 /mnt/disks/build-disk/src/android/rust-toolchain/out/package/libexec/rust-analyzer-proc-macro-srv
$ echo "file:/mnt/disks/build-disk/src/android/rust-toolchain/out/package/libexec/rust-analyzer-proc-macro-srv" >> "/mnt/disks/build-disk/src/android/rust-toolchain/out/package/lib/rustlib/manifest-rustc"
$ umask 022 && mkdir -p "/mnt/disks/build-disk/src/android/rust-toolchain/out/package/share/doc/rust"
install: copying file /mnt/disks/build-disk/src/android/rust-toolchain/out/package/share/doc/rust/COPYRIGHT
$ cp /mnt/disks/build-disk/src/android/rust-toolchain/out/rustc/build/tmp/tarball/rustc/x86_64-unknown-linux-musl/rustc-1.74.1-dev-x86_64-unknown-linux-musl/rustc/share/doc/rust/COPYRIGHT /mnt/disks/build-disk/src/android/rust-toolchain/out/package/share/doc/rust/COPYRIGHT
$ chmod 644 /mnt/disks/build-disk/src/android/rust-toolchain/out/package/share/doc/rust/COPYRIGHT
$ echo "file:/mnt/disks/build-disk/src/android/rust-toolchain/out/package/share/doc/rust/COPYRIGHT" >> "/mnt/disks/build-disk/src/android/rust-toolchain/out/package/lib/rustlib/manifest-rustc"
$ umask 022 && mkdir -p "/mnt/disks/build-disk/src/android/rust-toolchain/out/package/share/doc/rust"
install: copying file /mnt/disks/build-disk/src/android/rust-toolchain/out/package/share/doc/rust/LICENSE-APACHE
install: backing up existing file at /mnt/disks/build-disk/src/android/rust-toolchain/out/package/share/doc/rust/LICENSE-APACHE
$ mv -f /mnt/disks/build-disk/src/android/rust-toolchain/out/package/share/doc/rust/LICENSE-APACHE /mnt/disks/build-disk/src/android/rust-toolchain/out/package/share/doc/rust/LICENSE-APACHE.old
$ cp /mnt/disks/build-disk/src/android/rust-toolchain/out/rustc/build/tmp/tarball/rustc/x86_64-unknown-linux-musl/rustc-1.74.1-dev-x86_64-unknown-linux-musl/rustc/share/doc/rust/LICENSE-APACHE /mnt/disks/build-disk/src/android/rust-toolchain/out/package/share/doc/rust/LICENSE-APACHE
$ chmod 644 /mnt/disks/build-disk/src/android/rust-toolchain/out/package/share/doc/rust/LICENSE-APACHE
$ echo "file:/mnt/disks/build-disk/src/android/rust-toolchain/out/package/share/doc/rust/LICENSE-APACHE" >> "/mnt/disks/build-disk/src/android/rust-toolchain/out/package/lib/rustlib/manifest-rustc"
$ umask 022 && mkdir -p "/mnt/disks/build-disk/src/android/rust-toolchain/out/package/share/doc/rust"
install: copying file /mnt/disks/build-disk/src/android/rust-toolchain/out/package/share/doc/rust/LICENSE-MIT
install: backing up existing file at /mnt/disks/build-disk/src/android/rust-toolchain/out/package/share/doc/rust/LICENSE-MIT
$ mv -f /mnt/disks/build-disk/src/android/rust-toolchain/out/package/share/doc/rust/LICENSE-MIT /mnt/disks/build-disk/src/android/rust-toolchain/out/package/share/doc/rust/LICENSE-MIT.old
$ cp /mnt/disks/build-disk/src/android/rust-toolchain/out/rustc/build/tmp/tarball/rustc/x86_64-unknown-linux-musl/rustc-1.74.1-dev-x86_64-unknown-linux-musl/rustc/share/doc/rust/LICENSE-MIT /mnt/disks/build-disk/src/android/rust-toolchain/out/package/share/doc/rust/LICENSE-MIT
$ chmod 644 /mnt/disks/build-disk/src/android/rust-toolchain/out/package/share/doc/rust/LICENSE-MIT
$ echo "file:/mnt/disks/build-disk/src/android/rust-toolchain/out/package/share/doc/rust/LICENSE-MIT" >> "/mnt/disks/build-disk/src/android/rust-toolchain/out/package/lib/rustlib/manifest-rustc"
$ umask 022 && mkdir -p "/mnt/disks/build-disk/src/android/rust-toolchain/out/package/share/doc/rust"
install: copying file /mnt/disks/build-disk/src/android/rust-toolchain/out/package/share/doc/rust/README.md
install: backing up existing file at /mnt/disks/build-disk/src/android/rust-toolchain/out/package/share/doc/rust/README.md
$ mv -f /mnt/disks/build-disk/src/android/rust-toolchain/out/package/share/doc/rust/README.md /mnt/disks/build-disk/src/android/rust-toolchain/out/package/share/doc/rust/README.md.old
$ cp /mnt/disks/build-disk/src/android/rust-toolchain/out/rustc/build/tmp/tarball/rustc/x86_64-unknown-linux-musl/rustc-1.74.1-dev-x86_64-unknown-linux-musl/rustc/share/doc/rust/README.md /mnt/disks/build-disk/src/android/rust-toolchain/out/package/share/doc/rust/README.md
$ chmod 644 /mnt/disks/build-disk/src/android/rust-toolchain/out/package/share/doc/rust/README.md
$ echo "file:/mnt/disks/build-disk/src/android/rust-toolchain/out/package/share/doc/rust/README.md" >> "/mnt/disks/build-disk/src/android/rust-toolchain/out/package/lib/rustlib/manifest-rustc"
$ umask 022 && mkdir -p "/mnt/disks/build-disk/src/android/rust-toolchain/out/package/share/man/man1"
install: copying file /mnt/disks/build-disk/src/android/rust-toolchain/out/package/share/man/man1/rustc.1
$ cp /mnt/disks/build-disk/src/android/rust-toolchain/out/rustc/build/tmp/tarball/rustc/x86_64-unknown-linux-musl/rustc-1.74.1-dev-x86_64-unknown-linux-musl/rustc/share/man/man1/rustc.1 /mnt/disks/build-disk/src/android/rust-toolchain/out/package/share/man/man1/rustc.1
$ chmod 644 /mnt/disks/build-disk/src/android/rust-toolchain/out/package/share/man/man1/rustc.1
$ echo "file:/mnt/disks/build-disk/src/android/rust-toolchain/out/package/share/man/man1/rustc.1" >> "/mnt/disks/build-disk/src/android/rust-toolchain/out/package/lib/rustlib/manifest-rustc"
$ umask 022 && mkdir -p "/mnt/disks/build-disk/src/android/rust-toolchain/out/package/share/man/man1"
install: copying file /mnt/disks/build-disk/src/android/rust-toolchain/out/package/share/man/man1/rustdoc.1
$ cp /mnt/disks/build-disk/src/android/rust-toolchain/out/rustc/build/tmp/tarball/rustc/x86_64-unknown-linux-musl/rustc-1.74.1-dev-x86_64-unknown-linux-musl/rustc/share/man/man1/rustdoc.1 /mnt/disks/build-disk/src/android/rust-toolchain/out/package/share/man/man1/rustdoc.1
$ chmod 644 /mnt/disks/build-disk/src/android/rust-toolchain/out/package/share/man/man1/rustdoc.1
$ echo "file:/mnt/disks/build-disk/src/android/rust-toolchain/out/package/share/man/man1/rustdoc.1" >> "/mnt/disks/build-disk/src/android/rust-toolchain/out/package/lib/rustlib/manifest-rustc"
